[01;30m[DEBUG]	asctime:2021-05-14 06:44:14	process:56951	thread:140592349308736	module:my_logging	/home/test/Desktop/backup/web/logging/my_logging.py:14	message:DEBUG level[0m
[37m[INFO]	asctime:2021-05-14 06:44:14	process:56951	thread:140592349308736	module:my_logging	/home/test/Desktop/backup/web/logging/my_logging.py:15	message:INFO level[0m
[33m[WARNING]	asctime:2021-05-14 06:44:14	process:56951	thread:140592349308736	module:my_logging	/home/test/Desktop/backup/web/logging/my_logging.py:16	message:WARNING level[0m
[31m[ERROR]	asctime:2021-05-14 06:44:14	process:56951	thread:140592349308736	module:my_logging	/home/test/Desktop/backup/web/logging/my_logging.py:17	message:ERROR level[0m
[01;31m[CRITICAL]	asctime:2021-05-14 06:44:14	process:56951	thread:140592349308736	module:my_logging	/home/test/Desktop/backup/web/logging/my_logging.py:18	message:CRITICAL level[0m
[01;30m[DEBUG]	asctime:2021-05-14 06:44:31	process:57094	thread:140091958429504	module:my_logging	/home/test/Desktop/backup/web/logging/my_logging.py:14	message:DEBUG level[0m
[37m[INFO]	asctime:2021-05-14 06:44:31	process:57094	thread:140091958429504	module:my_logging	/home/test/Desktop/backup/web/logging/my_logging.py:15	message:INFO level[0m
[33m[WARNING]	asctime:2021-05-14 06:44:31	process:57094	thread:140091958429504	module:my_logging	/home/test/Desktop/backup/web/logging/my_logging.py:16	message:WARNING level[0m
[31m[ERROR]	asctime:2021-05-14 06:44:31	process:57094	thread:140091958429504	module:my_logging	/home/test/Desktop/backup/web/logging/my_logging.py:17	message:ERROR level[0m
[01;31m[CRITICAL]	asctime:2021-05-14 06:44:31	process:57094	thread:140091958429504	module:my_logging	/home/test/Desktop/backup/web/logging/my_logging.py:18	message:CRITICAL level[0m
[01;30m[DEBUG]	asctime:2021-05-15 00:20:38	process:41166	thread:140621602436928	module:my_logging	/home/test/Desktop/backup/web/logging/my_logging.py:14	message:DEBUG level[0m
[37m[INFO]	asctime:2021-05-15 00:20:38	process:41166	thread:140621602436928	module:my_logging	/home/test/Desktop/backup/web/logging/my_logging.py:15	message:INFO level[0m
[33m[WARNING]	asctime:2021-05-15 00:20:38	process:41166	thread:140621602436928	module:my_logging	/home/test/Desktop/backup/web/logging/my_logging.py:16	message:WARNING level[0m
[31m[ERROR]	asctime:2021-05-15 00:20:38	process:41166	thread:140621602436928	module:my_logging	/home/test/Desktop/backup/web/logging/my_logging.py:17	message:ERROR level[0m
[01;31m[CRITICAL]	asctime:2021-05-15 00:20:38	process:41166	thread:140621602436928	module:my_logging	/home/test/Desktop/backup/web/logging/my_logging.py:18	message:CRITICAL level[0m
[37m[INFO]	asctime:2021-05-15 00:24:34	process:42864	thread:139875756902208	module:music_download_with_future	/home/test/Desktop/backup/web/logging/music_download_with_future.py:43	message:[main start][0m
[37m[INFO]	asctime:2021-05-15 00:24:34	process:42864	thread:139875727152896	module:music_download_with_future	/home/test/Desktop/backup/web/logging/music_download_with_future.py:31	message:[download start] sleep: 3.0 01PavanePourUneInfanteDfuntePourPianoMr19.mp3[0m
[37m[INFO]	asctime:2021-05-15 00:24:34	process:42864	thread:139875718760192	module:music_download_with_future	/home/test/Desktop/backup/web/logging/music_download_with_future.py:31	message:[download start] sleep: 2.5 02JeuxDeauPourPianoMr30.mp3[0m
[37m[INFO]	asctime:2021-05-15 00:24:41	process:42864	thread:139875727152896	module:music_download_with_future	/home/test/Desktop/backup/web/logging/music_download_with_future.py:37	message:[download finished] 01PavanePourUneInfanteDfuntePourPianoMr19.mp3[0m
[37m[INFO]	asctime:2021-05-15 00:24:41	process:42864	thread:139875727152896	module:music_download_with_future	/home/test/Desktop/backup/web/logging/music_download_with_future.py:31	message:[download start] sleep: 3.0 03SonatinePourPianoMr40-Modr.mp3[0m
[37m[INFO]	asctime:2021-05-15 00:24:49	process:42864	thread:139875727152896	module:music_download_with_future	/home/test/Desktop/backup/web/logging/music_download_with_future.py:37	message:[download finished] 03SonatinePourPianoMr40-Modr.mp3[0m
[37m[INFO]	asctime:2021-05-15 00:24:49	process:42864	thread:139875727152896	module:music_download_with_future	/home/test/Desktop/backup/web/logging/music_download_with_future.py:31	message:[download start] sleep: 2.0 04MouvementDeMenuet.mp3[0m
[37m[INFO]	asctime:2021-05-15 00:24:56	process:42864	thread:139875727152896	module:music_download_with_future	/home/test/Desktop/backup/web/logging/music_download_with_future.py:37	message:[download finished] 04MouvementDeMenuet.mp3[0m
[37m[INFO]	asctime:2021-05-15 00:24:56	process:42864	thread:139875727152896	module:music_download_with_future	/home/test/Desktop/backup/web/logging/music_download_with_future.py:31	message:[download start] sleep: 1.0 05Anim.mp3[0m
[37m[INFO]	asctime:2021-05-15 00:25:01	process:42864	thread:139875718760192	module:music_download_with_future	/home/test/Desktop/backup/web/logging/music_download_with_future.py:37	message:[download finished] 02JeuxDeauPourPianoMr30.mp3[0m
[37m[INFO]	asctime:2021-05-15 00:25:01	process:42864	thread:139875727152896	module:music_download_with_future	/home/test/Desktop/backup/web/logging/music_download_with_future.py:37	message:[download finished] 05Anim.mp3[0m
[37m[INFO]	asctime:2021-05-15 00:25:01	process:42864	thread:139875756902208	module:music_download_with_future	/home/test/Desktop/backup/web/logging/music_download_with_future.py:52	message:[main finished][0m
[37m[INFO]	asctime:2021-05-15 09:23:37	process:201200	thread:140026165471040	module:crawler_with_celery_sample	/home/test/Desktop/backup/web/logging/crawler_with_celery_sample.py:99	message:[main start][0m
[37m[INFO]	asctime:2021-05-15 09:29:16	process:203527	thread:140139737933632	module:crawler_with_celery_sample	/home/test/Desktop/backup/web/logging/crawler_with_celery_sample.py:99	message:[main start][0m
[37m[INFO]	asctime:2021-05-15 09:31:26	process:204498	thread:140067873740608	module:crawler_with_celery_sample	/home/test/Desktop/backup/web/logging/crawler_with_celery_sample.py:99	message:[main start][0m
